<?xml version="1.0" encoding="UTF-8"?>
<!-- Generated by org.testng.reporters.JUnitReportReporter -->
<testsuite skipped="0" hostname="INNOSZLP00355" name="base.Sample3Test" tests="2" failures="0" timestamp="16 May 2020 21:17:32 GMT" time="0.007" errors="0">
  <testcase name="print3" time="0.006" classname="base.Sample3Test"/>
  <testcase name="print4" time="0.001" classname="base.Sample3Test"/>
</testsuite> <!-- base.Sample3Test -->
