<?xml version="1.0" encoding="UTF-8"?>
<!-- Generated by org.testng.reporters.JUnitReportReporter -->
<testsuite skipped="0" hostname="INNOSZLP00355" name="base.Sample2Test" tests="2" failures="0" timestamp="16 May 2020 21:17:32 GMT" time="0.001" errors="0">
  <testcase name="print3" time="0.001" classname="base.Sample2Test"/>
  <testcase name="print2" time="0.000" classname="base.Sample2Test"/>
</testsuite> <!-- base.Sample2Test -->
