<?xml version="1.0" encoding="UTF-8"?>
<!-- Generated by org.testng.reporters.JUnitReportReporter -->
<testsuite skipped="0" hostname="INNOSZLP00355" name="base.Sample1Test" tests="3" failures="0" timestamp="16 May 2020 21:17:32 GMT" time="0.001" errors="0">
  <testcase name="print1Sample1" time="0.000" classname="base.Sample1Test"/>
  <testcase name="print" time="0.001" classname="base.Sample1Test"/>
  <testcase name="printSample1" time="0.000" classname="base.Sample1Test"/>
</testsuite> <!-- base.Sample1Test -->
