<?xml version="1.0" encoding="UTF-8"?>
<!-- Generated by org.testng.reporters.JUnitReportReporter -->
<testsuite skipped="0" hostname="INNOSZLP00355" name="Testng.Testng.AppTest" tests="1" failures="0" timestamp="16 May 2020 21:17:32 GMT" time="0.001" errors="0">
  <testcase name="testApp" time="0.001" classname="Testng.Testng.AppTest"/>
</testsuite> <!-- Testng.Testng.AppTest -->
