<?xml version="1.0" encoding="UTF-8"?>
<!-- Generated by org.testng.reporters.JUnitReportReporter -->
<testsuite skipped="0" hostname="INNOSZLP00355" name="base.Sample3" tests="2" failures="0" timestamp="16 May 2020 17:49:30 GMT" time="0.004" errors="0">
  <testcase name="print4" time="0.002" classname="base.Sample3"/>
  <testcase name="print3" time="0.002" classname="base.Sample3"/>
</testsuite> <!-- base.Sample3 -->
