<?xml version="1.0" encoding="UTF-8"?>
<!-- Generated by org.testng.reporters.JUnitReportReporter -->
<testsuite skipped="0" hostname="INNOSZLP00355" name="base.Sample1" tests="3" failures="0" timestamp="16 May 2020 18:21:21 GMT" time="0.062" errors="0">
  <testcase name="printSample1" time="0.007" classname="base.Sample1"/>
  <testcase name="print1Sample1" time="0.005" classname="base.Sample1"/>
  <testcase name="print" time="0.050" classname="base.Sample1"/>
</testsuite> <!-- base.Sample1 -->
