<?xml version="1.0" encoding="UTF-8"?>
<!-- Generated by org.testng.reporters.JUnitReportReporter -->
<testsuite skipped="0" hostname="INNOSZLP00355" name="vase1.DataProvideSample" tests="3" failures="0" timestamp="16 May 2020 19:04:52 GMT" time="0.015" errors="0">
  <testcase name="dataProviderSample" time="0.002" classname="vase1.DataProvideSample"/>
  <testcase name="dataProviderSample" time="0.011" classname="vase1.DataProvideSample"/>
  <testcase name="dataProviderSample" time="0.002" classname="vase1.DataProvideSample"/>
</testsuite> <!-- vase1.DataProvideSample -->
