<?xml version="1.0" encoding="UTF-8"?>
<!-- Generated by org.testng.reporters.JUnitReportReporter -->
<testsuite skipped="0" hostname="INNOSZLP00355" name="vase1.Sample5" tests="3" failures="0" timestamp="16 May 2020 19:23:35 GMT" time="0.082" errors="0">
  <testcase name="zestMethod5" time="0.060" classname="vase1.Sample5"/>
  <testcase name="gestMethod6" time="0.010" classname="vase1.Sample5"/>
  <testcase name="aestMethod" time="0.012" classname="vase1.Sample5"/>
</testsuite> <!-- vase1.Sample5 -->
