<?xml version="1.0" encoding="UTF-8"?>
<!-- Generated by org.testng.reporters.JUnitReportReporter -->
<testsuite skipped="0" hostname="INNOSZLP00355" name="base.Sample2" tests="2" failures="0" timestamp="16 May 2020 18:12:26 GMT" time="0.007" errors="0">
  <testcase name="print2" time="0.006" classname="base.Sample2"/>
  <testcase name="print3" time="0.001" classname="base.Sample2"/>
</testsuite> <!-- base.Sample2 -->
